<?xml version="1.0" encoding="UTF-8"?>
<!-- Generated by org.testng.reporters.JUnitReportReporter -->
<testsuite hostname="ojt5-PC" name="DriverFactory.AppTest" tests="1" failures="0" timestamp="24 Oct 2019 06:03:52 GMT" time="0.085" errors="0">
  <testcase name="ERP_Start" time="0.085" classname="DriverFactory.AppTest"/>
</testsuite> <!-- DriverFactory.AppTest -->
